{"message":"connection sucessfully","level":"info"}
{"message":"connection sucessfully","level":"info"}
{"message":"Database Connection Successful","level":"info"}
{"level":"error"}
{"message":"Database Connection Successful","level":"info"}
{"message":"Database Connection Successful","level":"info"}
{"message":"Database Connection Successful","level":"info"}
{"message":"Database Connection Successful","level":"info"}
{"message":"Database Connection Successful","level":"info"}
{"message":"Database Connection Successful","level":"info"}
{"message":"Database Connection Successful","level":"info"}
{"message":"Database Connection Successful","level":"info"}
{"message":"Database Connection Successful","level":"info"}
{"message":"Database Connection Successful","level":"info"}
{"message":"Database Connection Successful","level":"info"}
{"message":"Database Connection Successful","level":"info"}
{"message":"Database Connection Successful","level":"info"}
{"message":"Database Connection Successful","level":"info"}
{"message":"Database Connection Successful","level":"info"}
{"message":"Database Connection Successful","level":"info"}
{"message":"Database Connection Successful","level":"info"}
{"message":"Database Connection Successful","level":"info"}
{"message":"Database Connection Successful","level":"info"}
{"message":"Database Connection Successful","level":"info"}
{"message":"Database Connection Successful","level":"info"}
{"message":"Database Connection Successful","level":"info"}
{"message":"Database Connection Successful","level":"info"}
{"message":"Database Connection Successful","level":"info"}
{"message":"Database Connection Successful","level":"info"}
{"message":"Database Connection Successful","level":"info"}
{"message":"Database Connection Successful","level":"info"}
{"message":"Database Connection Successful","level":"info"}
{"message":"Database Connection Successful","level":"info"}
{"message":"Connection Failed","level":"info"}
{"level":"error"}
{"message":"Connection Failed","level":"info"}
{"level":"error"}
{"message":"Connection Failed","level":"info"}
{"level":"error"}
{"message":"Connection Failed","level":"info"}
{"level":"error"}
{"message":"Connection Failed","level":"info"}
{"level":"error"}
{"message":"connection sucessfully","level":"info"}
{"message":"connection sucessfully","level":"info"}
{"message":"Database Connection Successful","level":"info"}
{"message":"Database Connection Successful","level":"info"}
{"message":"Database Connection Successful","level":"info"}
{"message":"Database Connection Successful","level":"debug"}
{"message":"Database Connection Successful","level":"debug"}
{"message":"Database Connection Successful","level":"debug"}
{"message":"Database Connection Successful","level":"debug"}
{"message":"Database Connection Successful","level":"debug"}
{"message":"Database Connection Successful","level":"debug"}
{"message":"Database Connection Successful","level":"debug"}
{"message":"Database Connection Successful","level":"debug"}
{"message":"Database Connection Successful","level":"debug"}
{"message":"Database Connection Successful","level":"debug"}
{"message":"Database Connection Successful","level":"debug"}
{"message":"Database Connection Successful","level":"debug"}
{"message":"Database Connection Successful","level":"debug"}
{"message":"Database Connection Successful","level":"debug"}
{"level":"debug"}
{"level":"debug"}
{"level":"debug"}
{"message":"Database Connection Successful","level":"debug"}
{"level":"debug"}
{"level":"debug"}
{"message":"Database Connection Successful","level":"debug"}
{"message":"Database Connection Successful","level":"debug"}
{"message":"Database Connection Successful","level":"debug"}
{"level":"debug","message":""}
{"level":"debug","message":""}
{"message":"Database Connection Successful","level":"debug"}
{"message":"value added","level":"debug"}
{"message":"Database Connection Successful","level":"debug"}
{"message":"Database Connection Successful","level":"debug"}
{"message":"Database Connection Successful","level":"debug"}
{"message":"Database Connection Successful","level":"debug"}
{"message":"Database Connection Successful","level":"debug"}
{"message":"Database Connection Successful","level":"debug"}
{"message":"Database Connection Successful","level":"debug"}
{"message":"Database Connection Successful","level":"debug"}
{"level":"debug","message":"delete"}
{"level":"debug","message":"delete"}
{"message":"Database Connection Successful","level":"debug"}
{"message":"Database Connection Successful","level":"debug"}
{"message":"Database Connection Successful","level":"debug"}
{"level":"debug","message":"delete"}
{"message":"Database Connection Successful","level":"debug"}
{"level":"debug","message":"delete"}
{"message":"Database Connection Successful","level":"debug"}
{"level":"debug","message":"delete"}
{"message":"Database Connection Successful","level":"debug"}
{"message":"Database Connection Successful","level":"debug"}
{"message":"Database Connection Successful","level":"debug"}
{"message":"Database Connection Successful","level":"debug"}
{"message":"Database Connection Successful","level":"debug"}
{"message":"Database Connection Successful","level":"debug"}
{"message":"Database Connection Successful","level":"debug"}
{"message":"Database Connection Successful","level":"debug"}
{"message":"Database Connection Successful","level":"debug"}
{"message":"Database Connection Successful","level":"debug"}
